
**** Trace opened for --- AutomaticWip.ServiceClient.exe --- at local time: 2020-04-29 10:58:08 ****

2020-04-29 10:58:09 [DEBUG]: 'Updating cache for: pulse/interval' 
2020-04-29 10:58:10 [DEBUG]: 'Updating cache for: login/domain' 
2020-04-29 10:58:10 [DEBUG]: 'Updating cache for: file/output' 
2020-04-29 10:58:10 [DEBUG]: 'Updating cache for: file/output/format' 
2020-04-29 10:58:10 [DEBUG]: 'Updating cache for: file/protection' 
2020-04-29 10:58:10 [DEBUG]: 'Updating cache for: login/pass' 
2020-04-29 10:58:10 [DEBUG]: 'Updating cache for: query/materials' 
2020-04-29 10:58:10 [DEBUG]: 'Updating cache for: login/user' 
2020-04-29 10:58:10 [DEBUG]: 'Settings to watch for: CycleTime, Domain, ExportPath, FilePathFormat, FileProtection, Pass, QueryMaterials, User' 
2020-04-29 10:58:10 [DEBUG]: '$service/runcycle: 3600000' 
2020-04-29 10:58:10 [DEBUG]: '$service/output: \\cw01.contiwan.com\root\loc\tma1\did94002\140_LOG\WIP' 
2020-04-29 10:58:10 [DEBUG]: 'query:mat_data: SELECT PART_NUMBER AS MATERIAL, PART_GROUP AS PROJECT, PART_NAME AS DESCRIPTION, QTY_ACTUAL_D AS QUANTITY FROM MAMA.T_MAT_DEF WHERE PART_NUMBER IN (SELECT PART_NUMBER FROM WIP.T_WIP_PARTSLIST_DEF WHERE PART_TYPE = 'SEMI' AND PART_QTY_DOUBLE >= 1)' 
2020-04-29 10:58:10 [DEBUG]: '$service/login/pass: uidu620z' 
2020-04-29 10:58:10 [DEBUG]: '$service/login/user: Winter2020' 

**** Trace opened for --- AutomaticWip.ServiceClient.exe --- at local time: 2020-04-29 11:17:13 ****

2020-04-29 11:17:13 [DEBUG]: 'Updating cache for: pulse/interval' 
2020-04-29 11:17:13 [DEBUG]: 'Updating cache for: login/domain' 
2020-04-29 11:17:13 [DEBUG]: 'Updating cache for: file/output' 
2020-04-29 11:17:13 [DEBUG]: 'Updating cache for: file/output/format' 
2020-04-29 11:17:13 [DEBUG]: 'Updating cache for: file/protection' 
2020-04-29 11:17:13 [DEBUG]: 'Updating cache for: login/pass' 
2020-04-29 11:17:13 [DEBUG]: 'Updating cache for: query/materials' 
2020-04-29 11:17:13 [DEBUG]: 'Updating cache for: login/user' 
2020-04-29 11:17:13 [DEBUG]: 'Settings to watch for: CycleTime, Domain, ExportPath, FilePathFormat, FileProtection, Pass, QueryMaterials, User' 
2020-04-29 11:17:13 [DEBUG]: '$service/runcycle: 3600000' 
2020-04-29 11:17:13 [DEBUG]: '$service/output: \\cw01.contiwan.com\root\loc\tma1\did94002\140_LOG\WIP\Tests' 
2020-04-29 11:17:13 [DEBUG]: 'query:mat_data: SELECT PART_NUMBER AS MATERIAL, PART_GROUP AS PROJECT, PART_NAME AS DESCRIPTION, QTY_ACTUAL_D AS QUANTITY FROM MAMA.T_MAT_DEF WHERE PART_NUMBER IN (SELECT PART_NUMBER FROM WIP.T_WIP_PARTSLIST_DEF WHERE PART_TYPE = 'SEMI' AND PART_QTY_DOUBLE >= 1)' 
2020-04-29 11:17:13 [DEBUG]: '$service/login/pass: uidu620z' 
2020-04-29 11:17:13 [DEBUG]: '$service/login/user: Winter2020' 

**** Trace opened for --- AutomaticWip.ServiceClient.exe --- at local time: 2020-04-29 11:23:25 ****

2020-04-29 11:23:25 [DEBUG]: 'Updating cache for: pulse/interval' 
2020-04-29 11:23:25 [DEBUG]: 'Updating cache for: login/domain' 
2020-04-29 11:23:25 [DEBUG]: 'Updating cache for: file/output' 
2020-04-29 11:23:25 [DEBUG]: 'Updating cache for: file/output/format' 
2020-04-29 11:23:25 [DEBUG]: 'Updating cache for: file/protection' 
2020-04-29 11:23:25 [DEBUG]: 'Updating cache for: login/pass' 
2020-04-29 11:23:25 [DEBUG]: 'Updating cache for: query/materials' 
2020-04-29 11:23:25 [DEBUG]: 'Updating cache for: login/user' 
2020-04-29 11:23:25 [DEBUG]: 'Settings to watch for: CycleTime, Domain, ExportPath, FilePathFormat, FileProtection, Pass, QueryMaterials, User' 
2020-04-29 11:23:25 [DEBUG]: '$service/runcycle: 3600000' 
2020-04-29 11:23:25 [DEBUG]: '$service/output: \\cw01.contiwan.com\root\loc\tma1\did94002\140_LOG\WIP\Tests' 
2020-04-29 11:23:25 [DEBUG]: 'query:mat_data: SELECT PART_NUMBER AS MATERIAL, PART_GROUP AS PROJECT, PART_NAME AS DESCRIPTION, QTY_ACTUAL_D AS QUANTITY FROM MAMA.T_MAT_DEF WHERE PART_NUMBER IN (SELECT PART_NUMBER FROM WIP.T_WIP_PARTSLIST_DEF WHERE PART_TYPE = 'SEMI' AND PART_QTY_DOUBLE >= 1)' 
2020-04-29 11:23:25 [DEBUG]: '$service/login/pass: uidu620z' 
2020-04-29 11:23:25 [DEBUG]: '$service/login/user: Winter2020' 
2020-04-29 11:23:28 [ERROR]: 'System.IO.FileLoadException: Could not load file or assembly 'EPPlus, Version=4.5.3.3, Culture=neutral, PublicKeyToken=ea159fdaa78159a1' or one of its dependencies. Access is denied.
File name: 'EPPlus, Version=4.5.3.3, Culture=neutral, PublicKeyToken=ea159fdaa78159a1'
   at AutomaticWip.Core.FileManager.Export(DateTime time, DataTable data)
   at AutomaticWip.ServiceClient.Test.<>c__DisplayClass5_0.<TestCase>b__0() in C:\Users\uid38640\Downloads\src.AutomaticWip\AutomaticWip.ServiceClient\Test.cs:line 51
   at AutomaticWip.ServiceClient.Logon.Impersonate(String domainName, String userName, String userPassword, Action action) in C:\Users\uid38640\Downloads\src.AutomaticWip\AutomaticWip.ServiceClient\Logon.cs:line 68
   at AutomaticWip.ServiceClient.Test.TestCase() in C:\Users\uid38640\Downloads\src.AutomaticWip\AutomaticWip.ServiceClient\Test.cs:line 47

=== Pre-bind state information ===
LOG: DisplayName = EPPlus, Version=4.5.3.3, Culture=neutral, PublicKeyToken=ea159fdaa78159a1
 (Fully-specified)
LOG: Appbase = file:///C:/Users/uid38640/Downloads/src.AutomaticWip/AutomaticWip.ServiceClient/bin/Debug/
LOG: Initial PrivatePath = NULL
Calling assembly : AutomaticWip.Core, Version=1.0.0.0, Culture=neutral, PublicKeyToken=null.
===
LOG: This bind starts in default load context.
LOG: Using application configuration file: C:\Users\uid38640\Downloads\src.AutomaticWip\AutomaticWip.ServiceClient\bin\Debug\AutomaticWip.ServiceClient.exe.Config
LOG: Using host configuration file: 
LOG: Using machine configuration file from C:\Windows\Microsoft.NET\Framework\v4.0.30319\config\machine.config.
LOG: Post-policy reference: EPPlus, Version=4.5.3.3, Culture=neutral, PublicKeyToken=ea159fdaa78159a1
LOG: Attempting download of new URL file:///C:/Users/uid38640/Downloads/src.AutomaticWip/AutomaticWip.ServiceClient/bin/Debug/EPPlus.DLL.
ERR: A fatal error occurred when retrieving next codebase for download (hr = 0x80070005).
' 

**** Trace opened for --- AutomaticWip.ServiceClient.exe --- at local time: 2020-04-29 11:25:47 ****

2020-04-29 11:25:47 [DEBUG]: 'Updating cache for: pulse/interval' 
2020-04-29 11:25:47 [DEBUG]: 'Updating cache for: login/domain' 
2020-04-29 11:25:47 [DEBUG]: 'Updating cache for: file/output' 
2020-04-29 11:25:47 [DEBUG]: 'Updating cache for: file/output/format' 
2020-04-29 11:25:47 [DEBUG]: 'Updating cache for: file/protection' 
2020-04-29 11:25:47 [DEBUG]: 'Updating cache for: login/pass' 
2020-04-29 11:25:47 [DEBUG]: 'Updating cache for: query/materials' 
2020-04-29 11:25:47 [DEBUG]: 'Updating cache for: login/user' 
2020-04-29 11:25:47 [DEBUG]: 'Settings to watch for: CycleTime, Domain, ExportPath, FilePathFormat, FileProtection, Pass, QueryMaterials, User' 
2020-04-29 11:25:47 [DEBUG]: '$service/runcycle: 3600000' 
2020-04-29 11:25:47 [DEBUG]: '$service/output: \\cw01.contiwan.com\root\loc\tma1\did94002\140_LOG\WIP\Tests' 
2020-04-29 11:25:47 [DEBUG]: 'query:mat_data: SELECT PART_NUMBER AS MATERIAL, PART_GROUP AS PROJECT, PART_NAME AS DESCRIPTION, QTY_ACTUAL_D AS QUANTITY FROM MAMA.T_MAT_DEF WHERE PART_NUMBER IN (SELECT PART_NUMBER FROM WIP.T_WIP_PARTSLIST_DEF WHERE PART_TYPE = 'SEMI' AND PART_QTY_DOUBLE >= 1)' 
2020-04-29 11:25:47 [DEBUG]: '$service/login/pass: uidu620z' 
2020-04-29 11:25:47 [DEBUG]: '$service/login/user: Winter2020' 
2020-04-29 11:25:49 [ERROR]: 'System.IO.FileLoadException: Could not load file or assembly 'EPPlus, Version=4.5.3.3, Culture=neutral, PublicKeyToken=ea159fdaa78159a1' or one of its dependencies. Access is denied.
File name: 'EPPlus, Version=4.5.3.3, Culture=neutral, PublicKeyToken=ea159fdaa78159a1'
   at AutomaticWip.Core.FileManager.Export(DateTime time, DataTable data)
   at AutomaticWip.ServiceClient.Test.<>c__DisplayClass5_0.<TestCase>b__0() in C:\Users\uid38640\Downloads\src.AutomaticWip\AutomaticWip.ServiceClient\Test.cs:line 51
   at AutomaticWip.ServiceClient.Logon.Impersonate(String domainName, String userName, String userPassword, Action action) in C:\Users\uid38640\Downloads\src.AutomaticWip\AutomaticWip.ServiceClient\Logon.cs:line 68
   at AutomaticWip.ServiceClient.Test.TestCase() in C:\Users\uid38640\Downloads\src.AutomaticWip\AutomaticWip.ServiceClient\Test.cs:line 47

=== Pre-bind state information ===
LOG: DisplayName = EPPlus, Version=4.5.3.3, Culture=neutral, PublicKeyToken=ea159fdaa78159a1
 (Fully-specified)
LOG: Appbase = file:///C:/Users/uid38640/Downloads/src.AutomaticWip/AutomaticWip.ServiceClient/bin/Debug/
LOG: Initial PrivatePath = NULL
Calling assembly : AutomaticWip.Core, Version=1.0.0.0, Culture=neutral, PublicKeyToken=null.
===
LOG: This bind starts in default load context.
LOG: Using application configuration file: C:\Users\uid38640\Downloads\src.AutomaticWip\AutomaticWip.ServiceClient\bin\Debug\AutomaticWip.ServiceClient.exe.Config
LOG: Using host configuration file: 
LOG: Using machine configuration file from C:\Windows\Microsoft.NET\Framework\v4.0.30319\config\machine.config.
LOG: Post-policy reference: EPPlus, Version=4.5.3.3, Culture=neutral, PublicKeyToken=ea159fdaa78159a1
LOG: Attempting download of new URL file:///C:/Users/uid38640/Downloads/src.AutomaticWip/AutomaticWip.ServiceClient/bin/Debug/EPPlus.DLL.
ERR: A fatal error occurred when retrieving next codebase for download (hr = 0x80070005).
' 

**** Trace opened for --- AutomaticWip.ServiceClient.exe --- at local time: 2020-04-29 11:30:02 ****

2020-04-29 11:30:02 [DEBUG]: 'Updating cache for: pulse/interval' 
2020-04-29 11:30:03 [DEBUG]: 'Updating cache for: login/domain' 
2020-04-29 11:30:03 [DEBUG]: 'Updating cache for: file/output' 
2020-04-29 11:30:03 [DEBUG]: 'Updating cache for: file/output/format' 
2020-04-29 11:30:03 [DEBUG]: 'Updating cache for: file/protection' 
2020-04-29 11:30:03 [DEBUG]: 'Updating cache for: login/pass' 
2020-04-29 11:30:03 [DEBUG]: 'Updating cache for: query/materials' 
2020-04-29 11:30:03 [DEBUG]: 'Updating cache for: login/user' 
2020-04-29 11:30:03 [DEBUG]: 'Settings to watch for: CycleTime, Domain, ExportPath, FilePathFormat, FileProtection, Pass, QueryMaterials, User' 
2020-04-29 11:30:03 [DEBUG]: '$service/runcycle: 3600000' 
2020-04-29 11:30:03 [DEBUG]: '$service/output: \\cw01.contiwan.com\root\loc\tma1\did94002\140_LOG\WIP\Tests' 
2020-04-29 11:30:03 [DEBUG]: 'query:mat_data: SELECT PART_NUMBER AS MATERIAL, PART_GROUP AS PROJECT, PART_NAME AS DESCRIPTION, QTY_ACTUAL_D AS QUANTITY FROM MAMA.T_MAT_DEF WHERE PART_NUMBER IN (SELECT PART_NUMBER FROM WIP.T_WIP_PARTSLIST_DEF WHERE PART_TYPE = 'SEMI' AND PART_QTY_DOUBLE >= 1)' 
2020-04-29 11:30:03 [DEBUG]: '$service/login/pass: uidu620z' 
2020-04-29 11:30:03 [DEBUG]: '$service/login/user: Winter2020' 
2020-04-29 11:30:05 [ERROR]: 'System.IO.FileLoadException: Could not load file or assembly 'EPPlus, Version=4.5.3.3, Culture=neutral, PublicKeyToken=ea159fdaa78159a1' or one of its dependencies. Access is denied.
File name: 'EPPlus, Version=4.5.3.3, Culture=neutral, PublicKeyToken=ea159fdaa78159a1'
   at AutomaticWip.Core.FileManager.Export(DateTime time, DataTable data)
   at AutomaticWip.ServiceClient.Test.<>c__DisplayClass5_0.<TestCase>b__0() in C:\Users\uid38640\Downloads\src.AutomaticWip\AutomaticWip.ServiceClient\Test.cs:line 51
   at AutomaticWip.ServiceClient.Logon.Impersonate(String domainName, String userName, String userPassword, Action action) in C:\Users\uid38640\Downloads\src.AutomaticWip\AutomaticWip.ServiceClient\Logon.cs:line 68
   at AutomaticWip.ServiceClient.Test.TestCase() in C:\Users\uid38640\Downloads\src.AutomaticWip\AutomaticWip.ServiceClient\Test.cs:line 47

=== Pre-bind state information ===
LOG: DisplayName = EPPlus, Version=4.5.3.3, Culture=neutral, PublicKeyToken=ea159fdaa78159a1
 (Fully-specified)
LOG: Appbase = file:///C:/Users/uid38640/Downloads/src.AutomaticWip/AutomaticWip.ServiceClient/bin/Debug/
LOG: Initial PrivatePath = NULL
Calling assembly : AutomaticWip.Core, Version=1.0.0.0, Culture=neutral, PublicKeyToken=null.
===
LOG: This bind starts in default load context.
LOG: Using application configuration file: C:\Users\uid38640\Downloads\src.AutomaticWip\AutomaticWip.ServiceClient\bin\Debug\AutomaticWip.ServiceClient.exe.Config
LOG: Using host configuration file: 
LOG: Using machine configuration file from C:\Windows\Microsoft.NET\Framework\v4.0.30319\config\machine.config.
LOG: Post-policy reference: EPPlus, Version=4.5.3.3, Culture=neutral, PublicKeyToken=ea159fdaa78159a1
LOG: Attempting download of new URL file:///C:/Users/uid38640/Downloads/src.AutomaticWip/AutomaticWip.ServiceClient/bin/Debug/EPPlus.DLL.
ERR: A fatal error occurred when retrieving next codebase for download (hr = 0x80070005).
' 

**** Trace opened for --- AutomaticWip.ServiceClient.exe --- at local time: 2020-04-29 11:38:10 ****

2020-04-29 11:38:10 [DEBUG]: 'Updating cache for: pulse/interval' 
2020-04-29 11:38:10 [DEBUG]: 'Updating cache for: login/domain' 
2020-04-29 11:38:10 [DEBUG]: 'Updating cache for: file/output' 
2020-04-29 11:38:10 [DEBUG]: 'Updating cache for: file/output/format' 
2020-04-29 11:38:10 [DEBUG]: 'Updating cache for: file/protection' 
2020-04-29 11:38:10 [DEBUG]: 'Updating cache for: login/pass' 
2020-04-29 11:38:10 [DEBUG]: 'Updating cache for: query/materials' 
2020-04-29 11:38:10 [DEBUG]: 'Updating cache for: login/user' 
2020-04-29 11:38:10 [DEBUG]: 'Settings to watch for: CycleTime, Domain, ExportPath, FilePathFormat, FileProtection, Pass, QueryMaterials, User' 
2020-04-29 11:38:10 [DEBUG]: '$service/runcycle: 3600000' 
2020-04-29 11:38:10 [DEBUG]: '$service/output: \\cw01.contiwan.com\root\loc\tma1\did94002\140_LOG\WIP\Tests' 
2020-04-29 11:38:10 [DEBUG]: 'query:mat_data: SELECT PART_NUMBER AS MATERIAL, PART_GROUP AS PROJECT, PART_NAME AS DESCRIPTION, QTY_ACTUAL_D AS QUANTITY FROM MAMA.T_MAT_DEF WHERE PART_NUMBER IN (SELECT PART_NUMBER FROM WIP.T_WIP_PARTSLIST_DEF WHERE PART_TYPE = 'SEMI' AND PART_QTY_DOUBLE >= 1)' 
2020-04-29 11:38:10 [DEBUG]: '$service/login/pass: uidu620z' 
2020-04-29 11:38:10 [DEBUG]: '$service/login/user: Winter2020' 
2020-04-29 11:38:12 [ERROR]: 'System.IO.FileLoadException: Could not load file or assembly 'EPPlus, Version=4.5.3.3, Culture=neutral, PublicKeyToken=ea159fdaa78159a1' or one of its dependencies. Access is denied.
File name: 'EPPlus, Version=4.5.3.3, Culture=neutral, PublicKeyToken=ea159fdaa78159a1'
   at AutomaticWip.Core.FileManager.Export(DateTime time, DataTable data)
   at AutomaticWip.ServiceClient.Test.<>c__DisplayClass5_0.<TestCase>b__0() in C:\Users\uid38640\Downloads\src.AutomaticWip\AutomaticWip.ServiceClient\Test.cs:line 51
   at AutomaticWip.ServiceClient.Logon.Impersonate(String domainName, String userName, String userPassword, Action action) in C:\Users\uid38640\Downloads\src.AutomaticWip\AutomaticWip.ServiceClient\Logon.cs:line 68
   at AutomaticWip.ServiceClient.Test.TestCase() in C:\Users\uid38640\Downloads\src.AutomaticWip\AutomaticWip.ServiceClient\Test.cs:line 47

=== Pre-bind state information ===
LOG: DisplayName = EPPlus, Version=4.5.3.3, Culture=neutral, PublicKeyToken=ea159fdaa78159a1
 (Fully-specified)
LOG: Appbase = file:///C:/Users/uid38640/Downloads/src.AutomaticWip/AutomaticWip.ServiceClient/bin/Debug/
LOG: Initial PrivatePath = NULL
Calling assembly : AutomaticWip.Core, Version=1.0.0.0, Culture=neutral, PublicKeyToken=null.
===
LOG: This bind starts in default load context.
LOG: Using application configuration file: C:\Users\uid38640\Downloads\src.AutomaticWip\AutomaticWip.ServiceClient\bin\Debug\AutomaticWip.ServiceClient.exe.Config
LOG: Using host configuration file: 
LOG: Using machine configuration file from C:\Windows\Microsoft.NET\Framework\v4.0.30319\config\machine.config.
LOG: Post-policy reference: EPPlus, Version=4.5.3.3, Culture=neutral, PublicKeyToken=ea159fdaa78159a1
LOG: Attempting download of new URL file:///C:/Users/uid38640/Downloads/src.AutomaticWip/AutomaticWip.ServiceClient/bin/Debug/EPPlus.DLL.
ERR: A fatal error occurred when retrieving next codebase for download (hr = 0x80070005).
' 

**** Trace opened for --- AutomaticWip.ServiceClient.exe --- at local time: 2020-04-29 11:54:26 ****

2020-04-29 11:54:26 [DEBUG]: 'Updating cache for: pulse/interval' 
2020-04-29 11:54:26 [DEBUG]: 'Updating cache for: login/domain' 
2020-04-29 11:54:26 [DEBUG]: 'Updating cache for: file/output' 
2020-04-29 11:54:26 [DEBUG]: 'Updating cache for: file/output/format' 
2020-04-29 11:54:26 [DEBUG]: 'Updating cache for: file/protection' 
2020-04-29 11:54:26 [DEBUG]: 'Updating cache for: login/pass' 
2020-04-29 11:54:26 [DEBUG]: 'Updating cache for: query/materials' 
2020-04-29 11:54:26 [DEBUG]: 'Updating cache for: login/user' 
2020-04-29 11:54:26 [DEBUG]: 'Settings to watch for: CycleTime, Domain, ExportPath, FilePathFormat, FileProtection, Pass, QueryMaterials, User' 
2020-04-29 11:54:26 [DEBUG]: '$service/runcycle: 3600000' 
2020-04-29 11:54:26 [DEBUG]: '$service/output: \\cw01.contiwan.com\root\loc\tma1\did94002\140_LOG\WIP\Tests' 
2020-04-29 11:54:26 [DEBUG]: 'query:mat_data: SELECT PART_NUMBER AS MATERIAL, PART_GROUP AS PROJECT, PART_NAME AS DESCRIPTION, QTY_ACTUAL_D AS QUANTITY FROM MAMA.T_MAT_DEF WHERE PART_NUMBER IN (SELECT PART_NUMBER FROM WIP.T_WIP_PARTSLIST_DEF WHERE PART_TYPE = 'SEMI' AND PART_QTY_DOUBLE >= 1)' 
2020-04-29 11:54:26 [DEBUG]: '$service/login/pass: uidu620z' 
2020-04-29 11:54:26 [DEBUG]: '$service/login/user: Winter2020' 
2020-04-29 11:54:27 [ERROR]: 'System.ArgumentException: Tablename start with invalid character
   at OfficeOpenXml.Table.ExcelTableCollection.ValidateTableName(String Name)
   at OfficeOpenXml.Table.ExcelTableCollection.Add(ExcelAddressBase Range, String Name)
   at OfficeOpenXml.ExcelRangeBase.LoadFromDataTable(DataTable Table, Boolean PrintHeaders, TableStyles TableStyle)
   at AutomaticWip.Core.FileManager.PrepareSheet(ExcelWorksheet sheet, DataTable data) in C:\Users\uid38640\Downloads\src.AutomaticWip\AutomaticWip.Core\FileManager.cs:line 164
   at AutomaticWip.Core.FileManager.CreateExcel(DateTime time, DataTable data, Stream& created) in C:\Users\uid38640\Downloads\src.AutomaticWip\AutomaticWip.Core\FileManager.cs:line 132
   at AutomaticWip.ServiceClient.Test.TestCase() in C:\Users\uid38640\Downloads\src.AutomaticWip\AutomaticWip.ServiceClient\Test.cs:line 48' 

**** Trace opened for --- AutomaticWip.ServiceClient.exe --- at local time: 2020-04-29 11:56:14 ****

2020-04-29 11:56:14 [DEBUG]: 'Updating cache for: pulse/interval' 
2020-04-29 11:56:14 [DEBUG]: 'Updating cache for: login/domain' 
2020-04-29 11:56:14 [DEBUG]: 'Updating cache for: file/output' 
2020-04-29 11:56:14 [DEBUG]: 'Updating cache for: file/output/format' 
2020-04-29 11:56:14 [DEBUG]: 'Updating cache for: file/protection' 
2020-04-29 11:56:14 [DEBUG]: 'Updating cache for: login/pass' 
2020-04-29 11:56:14 [DEBUG]: 'Updating cache for: query/materials' 
2020-04-29 11:56:14 [DEBUG]: 'Updating cache for: login/user' 
2020-04-29 11:56:14 [DEBUG]: 'Settings to watch for: CycleTime, Domain, ExportPath, FilePathFormat, FileProtection, Pass, QueryMaterials, User' 
2020-04-29 11:56:14 [DEBUG]: '$service/runcycle: 3600000' 
2020-04-29 11:56:14 [DEBUG]: '$service/output: \\cw01.contiwan.com\root\loc\tma1\did94002\140_LOG\WIP\Tests' 
2020-04-29 11:56:14 [DEBUG]: 'query:mat_data: SELECT PART_NUMBER AS MATERIAL, PART_GROUP AS PROJECT, PART_NAME AS DESCRIPTION, QTY_ACTUAL_D AS QUANTITY FROM MAMA.T_MAT_DEF WHERE PART_NUMBER IN (SELECT PART_NUMBER FROM WIP.T_WIP_PARTSLIST_DEF WHERE PART_TYPE = 'SEMI' AND PART_QTY_DOUBLE >= 1)' 
2020-04-29 11:56:14 [DEBUG]: '$service/login/pass: uidu620z' 
2020-04-29 11:56:14 [DEBUG]: '$service/login/user: Winter2020' 
2020-04-29 11:56:17 [DEBUG]: 'Directory created: \\cw01.contiwan.com\root\loc\tma1\did94002\140_LOG\WIP\Tests/2020/04-April/29-Wednesday' 
2020-04-29 11:56:17 [ERROR]: 'System.FormatException: Input string was not in a correct format.
   at System.Text.StringBuilder.AppendFormatHelper(IFormatProvider provider, String format, ParamsArray args)
   at System.String.FormatHelper(IFormatProvider provider, String format, ParamsArray args)
   at System.String.Format(String format, Object arg0, Object arg1)
   at AutomaticWip.Core.FileManager.CreateFile(DateTime time, Stream& stream) in C:\Users\uid38640\Downloads\src.AutomaticWip\AutomaticWip.Core\FileManager.cs:line 83
   at AutomaticWip.Core.FileManager.Export(DateTime time, Stream input) in C:\Users\uid38640\Downloads\src.AutomaticWip\AutomaticWip.Core\FileManager.cs:line 145
   at AutomaticWip.ServiceClient.Test.<>c__DisplayClass5_0.<TestCase>b__0() in C:\Users\uid38640\Downloads\src.AutomaticWip\AutomaticWip.ServiceClient\Test.cs:line 53
   at AutomaticWip.ServiceClient.Logon.Impersonate(String domainName, String userName, String userPassword, Action action) in C:\Users\uid38640\Downloads\src.AutomaticWip\AutomaticWip.ServiceClient\Logon.cs:line 68
   at AutomaticWip.ServiceClient.Test.TestCase() in C:\Users\uid38640\Downloads\src.AutomaticWip\AutomaticWip.ServiceClient\Test.cs:line 49' 

**** Trace opened for --- AutomaticWip.ServiceClient.exe --- at local time: 2020-04-29 11:59:13 ****

2020-04-29 11:59:13 [DEBUG]: 'Updating cache for: pulse/interval' 
2020-04-29 11:59:14 [DEBUG]: 'Updating cache for: login/domain' 
2020-04-29 11:59:14 [DEBUG]: 'Updating cache for: file/output' 
2020-04-29 11:59:14 [DEBUG]: 'Updating cache for: file/output/format' 
2020-04-29 11:59:14 [DEBUG]: 'Updating cache for: file/protection' 
2020-04-29 11:59:14 [DEBUG]: 'Updating cache for: login/pass' 
2020-04-29 11:59:14 [DEBUG]: 'Updating cache for: query/materials' 
2020-04-29 11:59:14 [DEBUG]: 'Updating cache for: login/user' 
2020-04-29 11:59:14 [DEBUG]: 'Settings to watch for: CycleTime, Domain, ExportPath, FilePathFormat, FileProtection, Pass, QueryMaterials, User' 
2020-04-29 11:59:14 [DEBUG]: '$service/runcycle: 3600000' 
2020-04-29 11:59:14 [DEBUG]: '$service/output: \\cw01.contiwan.com\root\loc\tma1\did94002\140_LOG\WIP\Tests' 
2020-04-29 11:59:14 [DEBUG]: 'query:mat_data: SELECT PART_NUMBER AS MATERIAL, PART_GROUP AS PROJECT, PART_NAME AS DESCRIPTION, QTY_ACTUAL_D AS QUANTITY FROM MAMA.T_MAT_DEF WHERE PART_NUMBER IN (SELECT PART_NUMBER FROM WIP.T_WIP_PARTSLIST_DEF WHERE PART_TYPE = 'SEMI' AND PART_QTY_DOUBLE >= 1)' 
2020-04-29 11:59:14 [DEBUG]: '$service/login/pass: uidu620z' 
2020-04-29 11:59:14 [DEBUG]: '$service/login/user: Winter2020' 

**** Trace opened for --- AutomaticWip.ServiceClient.exe --- at local time: 2020-04-29 12:00:46 ****

2020-04-29 12:00:46 [DEBUG]: 'Updating cache for: pulse/interval' 
2020-04-29 12:00:46 [DEBUG]: 'Updating cache for: login/domain' 
2020-04-29 12:00:46 [DEBUG]: 'Updating cache for: file/output' 
2020-04-29 12:00:46 [DEBUG]: 'Updating cache for: file/output/format' 
2020-04-29 12:00:46 [DEBUG]: 'Updating cache for: file/protection' 
2020-04-29 12:00:46 [DEBUG]: 'Updating cache for: login/pass' 
2020-04-29 12:00:46 [DEBUG]: 'Updating cache for: query/materials' 
2020-04-29 12:00:46 [DEBUG]: 'Updating cache for: login/user' 
2020-04-29 12:00:46 [DEBUG]: 'Settings to watch for: CycleTime, Domain, ExportPath, FilePathFormat, FileProtection, Pass, QueryMaterials, User' 
2020-04-29 12:00:46 [DEBUG]: '$service/runcycle: 3600000' 
2020-04-29 12:00:46 [DEBUG]: '$service/output: \\cw01.contiwan.com\root\loc\tma1\did94002\140_LOG\WIP\Tests' 
2020-04-29 12:00:46 [DEBUG]: 'query:mat_data: SELECT PART_NUMBER AS MATERIAL, PART_GROUP AS PROJECT, PART_NAME AS DESCRIPTION, QTY_ACTUAL_D AS QUANTITY FROM MAMA.T_MAT_DEF WHERE PART_NUMBER IN (SELECT PART_NUMBER FROM WIP.T_WIP_PARTSLIST_DEF WHERE PART_TYPE = 'SEMI' AND PART_QTY_DOUBLE >= 1)' 
2020-04-29 12:00:46 [DEBUG]: '$service/login/pass: uidu620z' 
2020-04-29 12:00:46 [DEBUG]: '$service/login/user: Winter2020' 
2020-04-29 12:00:52 [DEBUG]: 'Directory created: \\cw01.contiwan.com\root\loc\tma1\did94002\140_LOG\WIP\Tests/2020/04-April/29-Wednesday' 
2020-04-29 12:00:52 [DEBUG]: 'Stream created to the file: \\cw01.contiwan.com\root\loc\tma1\did94002\140_LOG\WIP\Tests/2020/04-April/29-Wednesday/11-00.xlsx' 

**** Trace opened for --- AutomaticWip.ServiceClient.exe --- at local time: 2020-04-29 12:02:33 ****

2020-04-29 12:02:33 [DEBUG]: 'Updating cache for: pulse/interval' 
2020-04-29 12:02:33 [DEBUG]: 'Updating cache for: login/domain' 
2020-04-29 12:02:33 [DEBUG]: 'Updating cache for: file/output' 
2020-04-29 12:02:33 [DEBUG]: 'Updating cache for: file/output/format' 
2020-04-29 12:02:33 [DEBUG]: 'Updating cache for: file/protection' 
2020-04-29 12:02:33 [DEBUG]: 'Updating cache for: login/pass' 
2020-04-29 12:02:33 [DEBUG]: 'Updating cache for: query/materials' 
2020-04-29 12:02:33 [DEBUG]: 'Updating cache for: login/user' 
2020-04-29 12:02:33 [DEBUG]: 'Settings to watch for: CycleTime, Domain, ExportPath, FilePathFormat, FileProtection, Pass, QueryMaterials, User' 
2020-04-29 12:02:33 [DEBUG]: '$service/runcycle: 3600000' 
2020-04-29 12:02:33 [DEBUG]: '$service/output: \\cw01.contiwan.com\root\loc\tma1\did94002\140_LOG\WIP\Tests' 
2020-04-29 12:02:33 [DEBUG]: 'query:mat_data: SELECT PART_NUMBER AS MATERIAL, PART_GROUP AS PROJECT, PART_NAME AS DESCRIPTION, QTY_ACTUAL_D AS QUANTITY FROM MAMA.T_MAT_DEF WHERE PART_NUMBER IN (SELECT PART_NUMBER FROM WIP.T_WIP_PARTSLIST_DEF WHERE PART_TYPE = 'SEMI' AND PART_QTY_DOUBLE >= 1)' 
2020-04-29 12:02:33 [DEBUG]: '$service/login/pass: uidu620z' 
2020-04-29 12:02:33 [DEBUG]: '$service/login/user: Winter2020' 
2020-04-29 12:02:38 [DEBUG]: 'Directory created: \\cw01.contiwan.com\root\loc\tma1\did94002\140_LOG\WIP\Tests/2020/04-April/29-Wednesday' 
2020-04-29 12:02:38 [DEBUG]: 'Stream created to the file: \\cw01.contiwan.com\root\loc\tma1\did94002\140_LOG\WIP\Tests/2020/04-April/29-Wednesday/11-02.xlsx' 

**** Trace opened for --- AutomaticWip.ServiceClient.exe --- at local time: 2020-04-29 12:03:35 ****

2020-04-29 12:03:35 [DEBUG]: 'Updating cache for: pulse/interval' 
2020-04-29 12:03:35 [DEBUG]: 'Updating cache for: login/domain' 
2020-04-29 12:03:35 [DEBUG]: 'Updating cache for: file/output' 
2020-04-29 12:03:35 [DEBUG]: 'Updating cache for: file/output/format' 
2020-04-29 12:03:35 [DEBUG]: 'Updating cache for: file/protection' 
2020-04-29 12:03:35 [DEBUG]: 'Updating cache for: login/pass' 
2020-04-29 12:03:35 [DEBUG]: 'Updating cache for: query/materials' 
2020-04-29 12:03:35 [DEBUG]: 'Updating cache for: login/user' 
2020-04-29 12:03:35 [DEBUG]: 'Settings to watch for: CycleTime, Domain, ExportPath, FilePathFormat, FileProtection, Pass, QueryMaterials, User' 
2020-04-29 12:03:35 [DEBUG]: '$service/runcycle: 3600000' 
2020-04-29 12:03:35 [DEBUG]: '$service/output: \\cw01.contiwan.com\root\loc\tma1\did94002\140_LOG\WIP\Tests' 
2020-04-29 12:03:35 [DEBUG]: 'query:mat_data: SELECT PART_NUMBER AS MATERIAL, PART_GROUP AS PROJECT, PART_NAME AS DESCRIPTION, QTY_ACTUAL_D AS QUANTITY FROM MAMA.T_MAT_DEF WHERE PART_NUMBER IN (SELECT PART_NUMBER FROM WIP.T_WIP_PARTSLIST_DEF WHERE PART_TYPE = 'SEMI' AND PART_QTY_DOUBLE >= 1)' 
2020-04-29 12:03:35 [DEBUG]: '$service/login/pass: uidu620z' 
2020-04-29 12:03:35 [DEBUG]: '$service/login/user: Winter2020' 
2020-04-29 12:03:42 [DEBUG]: 'Directory created: \\cw01.contiwan.com\root\loc\tma1\did94002\140_LOG\WIP\Tests/2020/04-April/29-Wednesday' 
2020-04-29 12:03:42 [DEBUG]: 'Stream created to the file: \\cw01.contiwan.com\root\loc\tma1\did94002\140_LOG\WIP\Tests/2020/04-April/29-Wednesday/11-03.xlsx' 

**** Trace opened for --- AutomaticWip.ServiceClient.exe --- at local time: 2020-04-29 12:05:02 ****

2020-04-29 12:05:02 [DEBUG]: 'Updating cache for: pulse/interval' 
2020-04-29 12:05:02 [DEBUG]: 'Updating cache for: login/domain' 
2020-04-29 12:05:02 [DEBUG]: 'Updating cache for: file/output' 
2020-04-29 12:05:02 [DEBUG]: 'Updating cache for: file/output/format' 
2020-04-29 12:05:02 [DEBUG]: 'Updating cache for: file/protection' 
2020-04-29 12:05:02 [DEBUG]: 'Updating cache for: login/pass' 
2020-04-29 12:05:02 [DEBUG]: 'Updating cache for: query/materials' 
2020-04-29 12:05:02 [DEBUG]: 'Updating cache for: login/user' 
2020-04-29 12:05:02 [DEBUG]: 'Settings to watch for: CycleTime, Domain, ExportPath, FilePathFormat, FileProtection, Pass, QueryMaterials, User' 
2020-04-29 12:05:02 [DEBUG]: '$service/runcycle: 3600000' 
2020-04-29 12:05:02 [DEBUG]: '$service/output: \\cw01.contiwan.com\root\loc\tma1\did94002\140_LOG\WIP\Tests' 
2020-04-29 12:05:02 [DEBUG]: 'query:mat_data: SELECT PART_NUMBER AS MATERIAL, PART_GROUP AS PROJECT, PART_NAME AS DESCRIPTION, QTY_ACTUAL_D AS QUANTITY FROM MAMA.T_MAT_DEF WHERE PART_NUMBER IN (SELECT PART_NUMBER FROM WIP.T_WIP_PARTSLIST_DEF WHERE PART_TYPE = 'SEMI' AND PART_QTY_DOUBLE >= 1)' 
2020-04-29 12:05:02 [DEBUG]: '$service/login/pass: uidu620z' 
2020-04-29 12:05:02 [DEBUG]: '$service/login/user: Winter2020' 
2020-04-29 12:05:52 [DEBUG]: 'Directory created: \\cw01.contiwan.com\root\loc\tma1\did94002\140_LOG\WIP\Tests/2020/04-April/29-Wednesday' 

**** Trace opened for --- AutomaticWip.ServiceClient.exe --- at local time: 2020-04-29 12:06:55 ****

2020-04-29 12:06:55 [DEBUG]: 'Updating cache for: pulse/interval' 
2020-04-29 12:06:56 [DEBUG]: 'Updating cache for: login/domain' 
2020-04-29 12:06:56 [DEBUG]: 'Updating cache for: file/output' 
2020-04-29 12:06:56 [DEBUG]: 'Updating cache for: file/output/format' 
2020-04-29 12:06:56 [DEBUG]: 'Updating cache for: file/protection' 
2020-04-29 12:06:56 [DEBUG]: 'Updating cache for: login/pass' 
2020-04-29 12:06:56 [DEBUG]: 'Updating cache for: query/materials' 
2020-04-29 12:06:56 [DEBUG]: 'Updating cache for: login/user' 
2020-04-29 12:06:56 [DEBUG]: 'Settings to watch for: CycleTime, Domain, ExportPath, FilePathFormat, FileProtection, Pass, QueryMaterials, User' 
2020-04-29 12:06:56 [DEBUG]: '$service/runcycle: 3600000' 
2020-04-29 12:06:56 [DEBUG]: '$service/output: \\cw01.contiwan.com\root\loc\tma1\did94002\140_LOG\WIP\Tests' 
2020-04-29 12:06:56 [DEBUG]: 'query:mat_data: SELECT PART_NUMBER AS MATERIAL, PART_GROUP AS PROJECT, PART_NAME AS DESCRIPTION, QTY_ACTUAL_D AS QUANTITY FROM MAMA.T_MAT_DEF WHERE PART_NUMBER IN (SELECT PART_NUMBER FROM WIP.T_WIP_PARTSLIST_DEF WHERE PART_TYPE = 'SEMI' AND PART_QTY_DOUBLE >= 1)' 
2020-04-29 12:06:56 [DEBUG]: '$service/login/pass: uidu620z' 
2020-04-29 12:06:56 [DEBUG]: '$service/login/user: Winter2020' 

**** Trace opened for --- AutomaticWip.ServiceClient.exe --- at local time: 2020-04-29 12:08:34 ****

2020-04-29 12:08:34 [DEBUG]: 'Updating cache for: pulse/interval' 
2020-04-29 12:08:35 [DEBUG]: 'Updating cache for: login/domain' 
2020-04-29 12:08:35 [DEBUG]: 'Updating cache for: file/output' 
2020-04-29 12:08:35 [DEBUG]: 'Updating cache for: file/output/format' 
2020-04-29 12:08:35 [DEBUG]: 'Updating cache for: file/protection' 
2020-04-29 12:08:35 [DEBUG]: 'Updating cache for: login/pass' 
2020-04-29 12:08:35 [DEBUG]: 'Updating cache for: query/materials' 
2020-04-29 12:08:35 [DEBUG]: 'Updating cache for: login/user' 
2020-04-29 12:08:35 [DEBUG]: 'Settings to watch for: CycleTime, Domain, ExportPath, FilePathFormat, FileProtection, Pass, QueryMaterials, User' 
2020-04-29 12:08:35 [DEBUG]: '$service/runcycle: 3600000' 
2020-04-29 12:08:35 [DEBUG]: '$service/output: \\cw01.contiwan.com\root\loc\tma1\did94002\140_LOG\WIP\Tests' 
2020-04-29 12:08:35 [DEBUG]: 'query:mat_data: SELECT PART_NUMBER AS MATERIAL, PART_GROUP AS PROJECT, PART_NAME AS DESCRIPTION, QTY_ACTUAL_D AS QUANTITY FROM MAMA.T_MAT_DEF WHERE PART_NUMBER IN (SELECT PART_NUMBER FROM WIP.T_WIP_PARTSLIST_DEF WHERE PART_TYPE = 'SEMI' AND PART_QTY_DOUBLE >= 1)' 
2020-04-29 12:08:35 [DEBUG]: '$service/login/pass: uidu620z' 
2020-04-29 12:08:35 [DEBUG]: '$service/login/user: Winter2020' 
2020-04-29 12:08:56 [DEBUG]: 'Directory created: \\cw01.contiwan.com\root\loc\tma1\did94002\140_LOG\WIP\Tests\2020\04-April\29-Wednesday' 
2020-04-29 12:09:17 [DEBUG]: 'Stream created to the file: \\cw01.contiwan.com\root\loc\tma1\did94002\140_LOG\WIP\Tests\2020\04-April\29-Wednesday\11-08.xlsx' 

**** Trace opened for --- AutomaticWip.ServiceClient.exe --- at local time: 2020-04-29 12:11:16 ****

2020-04-29 12:11:17 [DEBUG]: 'Updating cache for: pulse/interval' 
2020-04-29 12:11:17 [DEBUG]: 'Updating cache for: login/domain' 
2020-04-29 12:11:17 [DEBUG]: 'Updating cache for: file/output' 
2020-04-29 12:11:17 [DEBUG]: 'Updating cache for: file/output/format' 
2020-04-29 12:11:17 [DEBUG]: 'Updating cache for: file/protection' 
2020-04-29 12:11:17 [DEBUG]: 'Updating cache for: login/pass' 
2020-04-29 12:11:17 [DEBUG]: 'Updating cache for: query/materials' 
2020-04-29 12:11:17 [DEBUG]: 'Updating cache for: login/user' 
2020-04-29 12:11:17 [DEBUG]: 'Settings to watch for: CycleTime, Domain, ExportPath, FilePathFormat, FileProtection, Pass, QueryMaterials, User' 
2020-04-29 12:11:17 [DEBUG]: '$service/runcycle: 3600000' 
2020-04-29 12:11:17 [DEBUG]: '$service/output: \\cw01.contiwan.com\root\loc\tma1\did94002\140_LOG\WIP\Tests' 
2020-04-29 12:11:17 [DEBUG]: 'query:mat_data: SELECT PART_NUMBER AS MATERIAL, PART_GROUP AS PROJECT, PART_NAME AS DESCRIPTION, QTY_ACTUAL_D AS QUANTITY FROM MAMA.T_MAT_DEF WHERE PART_NUMBER IN (SELECT PART_NUMBER FROM WIP.T_WIP_PARTSLIST_DEF WHERE PART_TYPE = 'SEMI' AND PART_QTY_DOUBLE >= 1)' 
2020-04-29 12:11:17 [DEBUG]: '$service/login/pass: uidu620z' 
2020-04-29 12:11:17 [DEBUG]: '$service/login/user: Winter2020' 
2020-04-29 12:11:20 [DEBUG]: 'Directory created: \\cw01.contiwan.com\root\loc\tma1\did94002\140_LOG\WIP\Tests\2020\04-April\29-Wednesday' 
2020-04-29 12:11:20 [DEBUG]: 'Stream created to the file: \\cw01.contiwan.com\root\loc\tma1\did94002\140_LOG\WIP\Tests\2020\04-April\29-Wednesday\11-11.xlsx' 

**** Trace opened for --- AutomaticWip.ServiceClient.exe --- at local time: 2020-04-29 12:12:44 ****

2020-04-29 12:12:44 [DEBUG]: 'Updating cache for: pulse/interval' 
2020-04-29 12:12:44 [DEBUG]: 'Updating cache for: login/domain' 
2020-04-29 12:12:44 [DEBUG]: 'Updating cache for: file/output' 
2020-04-29 12:12:44 [DEBUG]: 'Updating cache for: file/output/format' 
2020-04-29 12:12:44 [DEBUG]: 'Updating cache for: file/protection' 
2020-04-29 12:12:44 [DEBUG]: 'Updating cache for: login/pass' 
2020-04-29 12:12:44 [DEBUG]: 'Updating cache for: query/materials' 
2020-04-29 12:12:44 [DEBUG]: 'Updating cache for: login/user' 
2020-04-29 12:12:44 [DEBUG]: 'Settings to watch for: CycleTime, Domain, ExportPath, FilePathFormat, FileProtection, Pass, QueryMaterials, User' 
2020-04-29 12:12:44 [DEBUG]: '$service/runcycle: 3600000' 
2020-04-29 12:12:44 [DEBUG]: '$service/output: \\cw01.contiwan.com\root\loc\tma1\did94002\140_LOG\WIP\Tests' 
2020-04-29 12:12:44 [DEBUG]: 'query:mat_data: SELECT PART_NUMBER AS MATERIAL, PART_GROUP AS PROJECT, PART_NAME AS DESCRIPTION, QTY_ACTUAL_D AS QUANTITY FROM MAMA.T_MAT_DEF WHERE PART_NUMBER IN (SELECT PART_NUMBER FROM WIP.T_WIP_PARTSLIST_DEF WHERE PART_TYPE = 'SEMI' AND PART_QTY_DOUBLE >= 1)' 
2020-04-29 12:12:44 [DEBUG]: '$service/login/pass: uidu620z' 
2020-04-29 12:12:44 [DEBUG]: '$service/login/user: Winter2020' 
2020-04-29 12:12:47 [DEBUG]: 'Directory created: \\cw01.contiwan.com\root\loc\tma1\did94002\140_LOG\WIP\Tests\2020\04-April\29-Wednesday' 
2020-04-29 12:12:47 [DEBUG]: 'Stream created to the file: \\cw01.contiwan.com\root\loc\tma1\did94002\140_LOG\WIP\Tests\2020\04-April\29-Wednesday\11-12.xlsx' 

**** Trace opened for --- AutomaticWip.ServiceClient.exe --- at local time: 2020-04-29 12:14:50 ****

2020-04-29 12:14:50 [DEBUG]: 'Updating cache for: pulse/interval' 
2020-04-29 12:14:50 [DEBUG]: 'Updating cache for: login/domain' 
2020-04-29 12:14:50 [DEBUG]: 'Updating cache for: file/output' 
2020-04-29 12:14:50 [DEBUG]: 'Updating cache for: file/output/format' 
2020-04-29 12:14:50 [DEBUG]: 'Updating cache for: file/protection' 
2020-04-29 12:14:50 [DEBUG]: 'Updating cache for: login/pass' 
2020-04-29 12:14:50 [DEBUG]: 'Updating cache for: query/materials' 
2020-04-29 12:14:50 [DEBUG]: 'Updating cache for: login/user' 
2020-04-29 12:14:50 [DEBUG]: 'Settings to watch for: CycleTime, Domain, ExportPath, FilePathFormat, FileProtection, Pass, QueryMaterials, User' 
2020-04-29 12:14:50 [DEBUG]: '$service/runcycle: 3600000' 
2020-04-29 12:14:50 [DEBUG]: '$service/output: \\cw01.contiwan.com\root\loc\tma1\did94002\140_LOG\WIP\Tests' 
2020-04-29 12:14:50 [DEBUG]: 'query:mat_data: SELECT PART_NUMBER AS MATERIAL, PART_GROUP AS PROJECT, PART_NAME AS DESCRIPTION, QTY_ACTUAL_D AS QUANTITY FROM MAMA.T_MAT_DEF WHERE PART_NUMBER IN (SELECT PART_NUMBER FROM WIP.T_WIP_PARTSLIST_DEF WHERE PART_TYPE = 'SEMI' AND PART_QTY_DOUBLE >= 1)' 
2020-04-29 12:14:50 [DEBUG]: '$service/login/pass: uidu620z' 
2020-04-29 12:14:50 [DEBUG]: '$service/login/user: Winter2020' 
2020-04-29 12:15:10 [DEBUG]: 'Directory created: \\cw01.contiwan.com\root\loc\tma1\did94002\140_LOG\WIP\Tests\2020\04-April\29-Wednesday' 
2020-04-29 12:15:10 [DEBUG]: 'Stream created to the file: \\cw01.contiwan.com\root\loc\tma1\did94002\140_LOG\WIP\Tests\2020\04-April\29-Wednesday\11-14.xlsx' 

**** Trace opened for --- AutomaticWip.ServiceClient.exe --- at local time: 2020-04-29 12:18:52 ****

2020-04-29 12:18:52 [DEBUG]: 'Updating cache for: pulse/interval' 
2020-04-29 12:18:52 [DEBUG]: 'Updating cache for: login/domain' 
2020-04-29 12:18:52 [DEBUG]: 'Updating cache for: file/output' 
2020-04-29 12:18:52 [DEBUG]: 'Updating cache for: file/output/format' 
2020-04-29 12:18:52 [DEBUG]: 'Updating cache for: file/protection' 
2020-04-29 12:18:52 [DEBUG]: 'Updating cache for: login/pass' 
2020-04-29 12:18:52 [DEBUG]: 'Updating cache for: query/materials' 
2020-04-29 12:18:52 [DEBUG]: 'Updating cache for: login/user' 
2020-04-29 12:18:52 [DEBUG]: 'Settings to watch for: CycleTime, Domain, ExportPath, FilePathFormat, FileProtection, Pass, QueryMaterials, User' 
2020-04-29 12:18:52 [DEBUG]: '$service/runcycle: 3600000' 
2020-04-29 12:18:52 [DEBUG]: '$service/output: \\cw01.contiwan.com\root\loc\tma1\did94002\140_LOG\WIP\Tests' 
2020-04-29 12:18:52 [DEBUG]: 'query:mat_data: SELECT PART_NUMBER AS MATERIAL, PART_GROUP AS PROJECT, PART_NAME AS DESCRIPTION, QTY_ACTUAL_D AS QUANTITY FROM MAMA.T_MAT_DEF WHERE PART_NUMBER IN (SELECT PART_NUMBER FROM WIP.T_WIP_PARTSLIST_DEF WHERE PART_TYPE = 'SEMI' AND PART_QTY_DOUBLE >= 1)' 
2020-04-29 12:18:52 [DEBUG]: '$service/login/pass: uidu620z' 
2020-04-29 12:18:52 [DEBUG]: '$service/login/user: Winter2020' 
2020-04-29 12:18:57 [DEBUG]: 'Directory created: \\cw01.contiwan.com\root\loc\tma1\did94002\140_LOG\WIP\Tests\2020\04-April\29-Wednesday' 
2020-04-29 12:18:57 [DEBUG]: 'Stream created to the file: \\cw01.contiwan.com\root\loc\tma1\did94002\140_LOG\WIP\Tests\2020\04-April\29-Wednesday\11-18.xlsx' 

**** Trace opened for --- AutomaticWip.ServiceClient.exe --- at local time: 2020-04-29 12:47:09 ****

2020-04-29 12:47:09 [DEBUG]: 'Updating cache for: pulse/interval' 
2020-04-29 12:47:09 [DEBUG]: 'Updating cache for: login/domain' 
2020-04-29 12:47:09 [DEBUG]: 'Updating cache for: file/output' 
2020-04-29 12:47:09 [DEBUG]: 'Updating cache for: file/output/format' 
2020-04-29 12:47:09 [DEBUG]: 'Updating cache for: file/protection' 
2020-04-29 12:47:09 [DEBUG]: 'Updating cache for: login/pass' 
2020-04-29 12:47:09 [DEBUG]: 'Updating cache for: query/materials' 
2020-04-29 12:47:09 [DEBUG]: 'Updating cache for: login/user' 
2020-04-29 12:47:09 [DEBUG]: 'Settings to watch for: CycleTime, Domain, ExportPath, FilePathFormat, FileProtection, Pass, QueryMaterials, User' 
2020-04-29 12:47:09 [DEBUG]: '$service/runcycle: 3600000' 
2020-04-29 12:47:09 [DEBUG]: '$service/output: \\cw01.contiwan.com\root\loc\tma1\did94002\140_LOG\WIP\Tests' 
2020-04-29 12:47:09 [DEBUG]: 'query:mat_data: SELECT PART_NUMBER AS MATERIAL, PART_GROUP AS PROJECT, PART_NAME AS DESCRIPTION, QTY_ACTUAL_D AS QUANTITY FROM MAMA.T_MAT_DEF WHERE PART_NUMBER IN (SELECT PART_NUMBER FROM WIP.T_WIP_PARTSLIST_DEF WHERE PART_TYPE = 'SEMI' AND PART_QTY_DOUBLE >= 1) AND UPDATED >= (SELECT TRUNC(SYSDATE , 'Year') FROM dual)' 
2020-04-29 12:47:09 [DEBUG]: '$service/login/pass: uidu620z' 
2020-04-29 12:47:09 [DEBUG]: '$service/login/user: Winter2020' 
2020-04-29 12:47:12 [DEBUG]: 'Directory exists at: \\cw01.contiwan.com\root\loc\tma1\did94002\140_LOG\WIP\Tests\2020\04-April\29-Wednesday' 
2020-04-29 12:47:13 [DEBUG]: 'Stream created to the file: \\cw01.contiwan.com\root\loc\tma1\did94002\140_LOG\WIP\Tests\2020\04-April\29-Wednesday\11-47.xlsx' 

**** Trace opened for --- AutomaticWip.ServiceClient.exe --- at local time: 2020-04-29 12:51:26 ****

2020-04-29 12:51:26 [DEBUG]: 'Updating cache for: pulse/interval' 
2020-04-29 12:51:27 [DEBUG]: 'Updating cache for: login/domain' 
2020-04-29 12:51:27 [DEBUG]: 'Updating cache for: file/output' 
2020-04-29 12:51:27 [DEBUG]: 'Updating cache for: file/output/format' 
2020-04-29 12:51:27 [DEBUG]: 'Updating cache for: file/protection' 
2020-04-29 12:51:27 [DEBUG]: 'Updating cache for: login/pass' 
2020-04-29 12:51:27 [DEBUG]: 'Updating cache for: query/materials' 
2020-04-29 12:51:27 [DEBUG]: 'Updating cache for: login/user' 
2020-04-29 12:51:27 [DEBUG]: 'Settings to watch for: CycleTime, Domain, ExportPath, FilePathFormat, FileProtection, Pass, QueryMaterials, User' 
2020-04-29 12:51:27 [DEBUG]: '$service/runcycle: 3600000' 
2020-04-29 12:51:27 [DEBUG]: '$service/output: \\cw01.contiwan.com\root\loc\tma1\did94002\140_LOG\WIP\Tests' 
2020-04-29 12:51:27 [DEBUG]: 'query:mat_data: SELECT PART_NUMBER AS MATERIAL, PART_GROUP AS PROJECT, PART_NAME AS DESCRIPTION, QTY_ACTUAL_D AS QUANTITY FROM MAMA.T_MAT_DEF WHERE PART_NUMBER IN (SELECT PART_NUMBER FROM WIP.T_WIP_PARTSLIST_DEF WHERE PART_TYPE = 'SEMI' AND PART_QTY_DOUBLE >= 1) AND UPDATED >= (SELECT TRUNC(SYSDATE , 'Year') FROM dual) ORDER BY PART_GROUP, PART_NUMBER, PART_NAME, QTY_ACTUAL_D' 
2020-04-29 12:51:27 [DEBUG]: '$service/login/pass: uidu620z' 
2020-04-29 12:51:27 [DEBUG]: '$service/login/user: Winter2020' 
2020-04-29 12:51:29 [DEBUG]: 'Directory exists at: \\cw01.contiwan.com\root\loc\tma1\did94002\140_LOG\WIP\Tests\2020\04-April\29-Wednesday' 
2020-04-29 12:51:29 [DEBUG]: 'Stream created to the file: \\cw01.contiwan.com\root\loc\tma1\did94002\140_LOG\WIP\Tests\2020\04-April\29-Wednesday\11-51.xlsx' 

**** Trace opened for --- AutomaticWip.ServiceClient.exe --- at local time: 2020-04-29 13:10:55 ****

2020-04-29 13:10:55 [DEBUG]: 'Updating cache for: pulse/interval' 
2020-04-29 13:10:55 [DEBUG]: 'Updating cache for: login/domain' 
2020-04-29 13:10:55 [DEBUG]: 'Updating cache for: file/output' 
2020-04-29 13:10:55 [DEBUG]: 'Updating cache for: file/output/format' 
2020-04-29 13:10:55 [DEBUG]: 'Updating cache for: file/protection' 
2020-04-29 13:10:55 [DEBUG]: 'Updating cache for: login/pass' 
2020-04-29 13:10:55 [DEBUG]: 'Updating cache for: query/materials' 
2020-04-29 13:10:55 [DEBUG]: 'Updating cache for: login/user' 
2020-04-29 13:10:55 [DEBUG]: 'Settings to watch for: CycleTime, Domain, ExportPath, FilePathFormat, FileProtection, Pass, QueryMaterials, User' 
2020-04-29 13:10:55 [DEBUG]: '$service/runcycle: 3600000' 
2020-04-29 13:10:55 [DEBUG]: '$service/output: \\cw01.contiwan.com\root\loc\tma1\did94002\140_LOG\WIP\Tests' 
2020-04-29 13:10:55 [DEBUG]: 'query:mat_data: SELECT PART_NUMBER AS MATERIAL, PART_GROUP AS PROJECT, PART_NAME AS DESCRIPTION, QTY_ACTUAL_D AS QUANTITY FROM MAMA.T_MAT_DEF WHERE PART_NUMBER IN (SELECT PART_NUMBER FROM WIP.T_WIP_PARTSLIST_DEF WHERE PART_TYPE = 'SEMI' AND PART_QTY_DOUBLE >= 1) AND UPDATED >= (SELECT TRUNC(SYSDATE , 'Year') FROM dual) ORDER BY PART_GROUP, PART_NUMBER, PART_NAME, QTY_ACTUAL_D' 
2020-04-29 13:10:55 [DEBUG]: '$service/login/pass: uidu620z' 
2020-04-29 13:10:55 [DEBUG]: '$service/login/user: Winter2020' 
2020-04-29 13:10:58 [DEBUG]: 'Directory exists at: \\cw01.contiwan.com\root\loc\tma1\did94002\140_LOG\WIP\Tests\2020\04-April\29-Wednesday' 
2020-04-29 13:10:58 [DEBUG]: 'Stream created to the file: \\cw01.contiwan.com\root\loc\tma1\did94002\140_LOG\WIP\Tests\2020\04-April\29-Wednesday\12-10.xlsx' 

**** Trace opened for --- AutomaticWip.ServiceClient.exe --- at local time: 2020-04-29 13:14:01 ****

2020-04-29 13:14:01 [DEBUG]: 'Updating cache for: pulse/interval' 
2020-04-29 13:14:01 [DEBUG]: 'Updating cache for: login/domain' 
2020-04-29 13:14:01 [DEBUG]: 'Updating cache for: file/output' 
2020-04-29 13:14:01 [DEBUG]: 'Updating cache for: file/output/format' 
2020-04-29 13:14:01 [DEBUG]: 'Updating cache for: file/protection' 
2020-04-29 13:14:01 [DEBUG]: 'Updating cache for: login/pass' 
2020-04-29 13:14:01 [DEBUG]: 'Updating cache for: query/materials' 
2020-04-29 13:14:01 [DEBUG]: 'Updating cache for: login/user' 
2020-04-29 13:14:01 [DEBUG]: 'Settings to watch for: CycleTime, Domain, ExportPath, FilePathFormat, FileProtection, Pass, QueryMaterials, User' 
2020-04-29 13:14:01 [DEBUG]: '$service/runcycle: 3600000' 
2020-04-29 13:14:01 [DEBUG]: '$service/output: \\cw01.contiwan.com\root\loc\tma1\did94002\140_LOG\WIP\Tests' 
2020-04-29 13:14:01 [DEBUG]: 'query:mat_data: SELECT PART_NUMBER AS MATERIAL, PART_GROUP AS PROJECT, PART_NAME AS DESCRIPTION, QTY_ACTUAL_D AS QUANTITY FROM MAMA.T_MAT_DEF WHERE PART_NUMBER IN (SELECT PART_NUMBER FROM WIP.T_WIP_PARTSLIST_DEF WHERE PART_TYPE = 'SEMI' AND PART_QTY_DOUBLE >= 1) AND UPDATED >= (SELECT TRUNC(SYSDATE , 'Year') FROM dual) ORDER BY PART_GROUP, PART_NUMBER, PART_NAME, QTY_ACTUAL_D' 
2020-04-29 13:14:01 [DEBUG]: '$service/login/pass: uidu620z' 
2020-04-29 13:14:01 [DEBUG]: '$service/login/user: Winter2020' 
2020-04-29 13:14:04 [DEBUG]: 'Directory exists at: \\cw01.contiwan.com\root\loc\tma1\did94002\140_LOG\WIP\Tests\2020\04-April\29-Wednesday' 
2020-04-29 13:14:04 [DEBUG]: 'Stream created to the file: \\cw01.contiwan.com\root\loc\tma1\did94002\140_LOG\WIP\Tests\2020\04-April\29-Wednesday\13-14.xlsx' 

**** Trace opened for --- AutomaticWip.ServiceClient.exe --- at local time: 2020-04-29 13:17:35 ****

2020-04-29 13:17:35 [DEBUG]: 'Updating cache for: pulse/interval' 
2020-04-29 13:17:35 [DEBUG]: 'Updating cache for: login/domain' 
2020-04-29 13:17:35 [DEBUG]: 'Updating cache for: file/output' 
2020-04-29 13:17:35 [DEBUG]: 'Updating cache for: file/output/format' 
2020-04-29 13:17:35 [DEBUG]: 'Updating cache for: file/protection' 
2020-04-29 13:17:35 [DEBUG]: 'Updating cache for: login/pass' 
2020-04-29 13:17:35 [DEBUG]: 'Updating cache for: query/materials' 
2020-04-29 13:17:35 [DEBUG]: 'Updating cache for: login/user' 
2020-04-29 13:17:35 [DEBUG]: 'Settings to watch for: CycleTime, Domain, ExportPath, FilePathFormat, FileProtection, Pass, QueryMaterials, User' 
2020-04-29 13:17:35 [DEBUG]: '$service/runcycle: 3600000' 
2020-04-29 13:17:35 [DEBUG]: '$service/output: \\cw01.contiwan.com\root\loc\tma1\did94002\140_LOG\WIP\Tests' 
2020-04-29 13:17:35 [DEBUG]: 'query:mat_data: SELECT PART_NUMBER AS MATERIAL, PART_GROUP AS PROJECT, PART_NAME AS DESCRIPTION, QTY_ACTUAL_D AS QUANTITY FROM MAMA.T_MAT_DEF WHERE PART_NUMBER IN (SELECT PART_NUMBER FROM WIP.T_WIP_PARTSLIST_DEF WHERE PART_TYPE = 'SEMI' AND PART_QTY_DOUBLE >= 1) AND UPDATED >= (SELECT TRUNC(SYSDATE , 'Year') FROM dual) ORDER BY PART_GROUP, PART_NUMBER, PART_NAME, QTY_ACTUAL_D' 
2020-04-29 13:17:35 [DEBUG]: '$service/login/pass: uidu620z' 
2020-04-29 13:17:35 [DEBUG]: '$service/login/user: Winter2020' 
2020-04-29 13:17:38 [DEBUG]: 'Directory exists at: \\cw01.contiwan.com\root\loc\tma1\did94002\140_LOG\WIP\Tests\2020\04-April\29-Wednesday' 
2020-04-29 13:17:38 [DEBUG]: 'Stream created to the file: \\cw01.contiwan.com\root\loc\tma1\did94002\140_LOG\WIP\Tests\2020\04-April\29-Wednesday\13-17.xlsx' 

**** Trace opened for --- AutomaticWip.ServiceClient.exe --- at local time: 2020-04-29 13:43:21 ****

2020-04-29 13:43:22 [DEBUG]: 'Updating cache for: pulse/interval' 
2020-04-29 13:43:22 [DEBUG]: 'Updating cache for: login/domain' 
2020-04-29 13:43:22 [DEBUG]: 'Updating cache for: file/output' 
2020-04-29 13:43:22 [DEBUG]: 'Updating cache for: file/output/format' 
2020-04-29 13:43:22 [DEBUG]: 'Updating cache for: file/protection' 
2020-04-29 13:43:22 [DEBUG]: 'Updating cache for: login/pass' 
2020-04-29 13:43:22 [DEBUG]: 'Updating cache for: query/materials' 
2020-04-29 13:43:22 [DEBUG]: 'Updating cache for: login/user' 
2020-04-29 13:43:22 [DEBUG]: 'Settings to watch for: CycleTime, Domain, ExportPath, FilePathFormat, FileProtection, Pass, QueryMaterials, User' 
2020-04-29 13:43:22 [DEBUG]: '$service/runcycle: 3600000' 
2020-04-29 13:43:22 [DEBUG]: '$service/output: \\cw01.contiwan.com\root\loc\tma1\did94002\140_LOG\WIP\Tests' 
2020-04-29 13:43:22 [DEBUG]: 'query:mat_data: SELECT PART_NUMBER AS MATERIAL, PART_GROUP AS PROJECT, PART_NAME AS DESCRIPTION, QTY_ACTUAL_D AS QUANTITY FROM MAMA.T_MAT_DEF WHERE PART_NUMBER IN (SELECT PART_NUMBER FROM WIP.T_WIP_PARTSLIST_DEF WHERE PART_TYPE = 'SEMI' AND PART_QTY_DOUBLE >= 1) AND UPDATED >= (SELECT TRUNC(SYSDATE , 'Year') FROM dual) AND QTY_ACTUAL_D >= 0 ORDER BY PART_GROUP, PART_NUMBER, PART_NAME, QTY_ACTUAL_D                           ' 
2020-04-29 13:43:22 [DEBUG]: '$service/login/pass: uidu620z' 
2020-04-29 13:43:22 [DEBUG]: '$service/login/user: Winter2020' 
2020-04-29 13:43:25 [DEBUG]: 'Directory exists at: \\cw01.contiwan.com\root\loc\tma1\did94002\140_LOG\WIP\Tests\2020\04-April\29-Wednesday' 
2020-04-29 13:43:25 [DEBUG]: 'Stream created to the file: \\cw01.contiwan.com\root\loc\tma1\did94002\140_LOG\WIP\Tests\2020\04-April\29-Wednesday\13-43.xlsx' 

**** Trace opened for --- AutomaticWip.ServiceClient.exe --- at local time: 2020-04-29 14:34:17 ****

2020-04-29 14:34:18 [DEBUG]: 'Updating cache for: pulse/interval' 
2020-04-29 14:34:18 [DEBUG]: 'Updating cache for: login/domain' 
2020-04-29 14:34:18 [DEBUG]: 'Updating cache for: file/output' 
2020-04-29 14:34:18 [DEBUG]: 'Updating cache for: file/protection' 
2020-04-29 14:34:18 [DEBUG]: 'Updating cache for: login/pass' 
2020-04-29 14:34:18 [DEBUG]: 'Updating cache for: query/materials' 
2020-04-29 14:34:18 [DEBUG]: 'Updating cache for: login/user' 
2020-04-29 14:34:18 [DEBUG]: 'Settings to watch for: CycleTime, Domain, ExportPath, FileProtection, Pass, QueryMaterials, User' 
2020-04-29 14:34:21 [DEBUG]: 'Service is starting ..' 

**** Trace opened for --- AutomaticWip.ServiceClient.exe --- at local time: 2020-04-29 14:35:08 ****

2020-04-29 14:35:08 [DEBUG]: 'Updating cache for: pulse/interval' 
2020-04-29 14:35:08 [DEBUG]: 'Updating cache for: login/domain' 
2020-04-29 14:35:08 [DEBUG]: 'Updating cache for: file/output' 
2020-04-29 14:35:08 [DEBUG]: 'Updating cache for: file/protection' 
2020-04-29 14:35:08 [DEBUG]: 'Updating cache for: login/pass' 
2020-04-29 14:35:08 [DEBUG]: 'Updating cache for: query/materials' 
2020-04-29 14:35:08 [DEBUG]: 'Updating cache for: login/user' 
2020-04-29 14:35:08 [DEBUG]: 'Settings to watch for: CycleTime, Domain, ExportPath, FileProtection, Pass, QueryMaterials, User' 
2020-04-29 14:35:12 [DEBUG]: 'Service is starting ..' 
2020-04-29 14:35:15 [DEBUG]: 'Initial wait set to : 00:24:46.2813501' 
